2023.06.15 14:40:22 INFO  Started: Metals version 0.11.12 in workspace '/Users/adamspice/Developer/spicey.dev/portfolio' for client Visual Studio Code 1.79.1.
Jun 15, 2023 2:40:22 PM org.flywaydb.core.internal.license.VersionPrinter printVersionOnly
INFO: Flyway Community Edition 9.16.3 by Redgate
Jun 15, 2023 2:40:22 PM org.flywaydb.core.internal.license.VersionPrinter printVersion
INFO: See release notes here: https://rd.gt/416ObMi
Jun 15, 2023 2:40:22 PM org.flywaydb.core.internal.license.VersionPrinter printVersion
INFO: 
Jun 15, 2023 2:40:23 PM org.flywaydb.core.internal.database.base.BaseDatabaseType createDatabase
INFO: Database: jdbc:h2:file:/Users/adamspice/Developer/spicey.dev/portfolio/.metals/metals (H2 2.1)
Jun 15, 2023 2:40:23 PM org.flywaydb.core.internal.schemahistory.JdbcTableSchemaHistory allAppliedMigrations
INFO: Schema history table "PUBLIC"."flyway_schema_history" does not exist yet
Jun 15, 2023 2:40:23 PM org.flywaydb.core.internal.command.DbValidate validate
INFO: Successfully validated 4 migrations (execution time 00:00.007s)
Jun 15, 2023 2:40:23 PM org.flywaydb.core.internal.schemahistory.JdbcTableSchemaHistory create
INFO: Creating Schema History table "PUBLIC"."flyway_schema_history" ...
Jun 15, 2023 2:40:23 PM org.flywaydb.core.internal.command.DbMigrate migrateGroup
INFO: Current version of schema "PUBLIC": << Empty Schema >>
Jun 15, 2023 2:40:23 PM org.flywaydb.core.internal.command.DbMigrate doMigrateGroup
INFO: Migrating schema "PUBLIC" to version "1 - Create tables"
Jun 15, 2023 2:40:23 PM org.flywaydb.core.internal.command.DbMigrate doMigrateGroup
INFO: Migrating schema "PUBLIC" to version "2 - Server discovery"
Jun 15, 2023 2:40:23 PM org.flywaydb.core.internal.command.DbMigrate doMigrateGroup
INFO: Migrating schema "PUBLIC" to version "3 - Jar symbols"
Jun 15, 2023 2:40:23 PM org.flywaydb.core.internal.command.DbMigrate doMigrateGroup
INFO: Migrating schema "PUBLIC" to version "4 - Fingerprints"
Jun 15, 2023 2:40:23 PM org.flywaydb.core.internal.command.DbMigrate logSummary
INFO: Successfully applied 4 migrations to schema "PUBLIC", now at version v4 (execution time 00:00.032s)
2023.06.15 14:40:23 INFO  time: initialize in 0.48s
2023.06.15 14:40:26 WARN  Build server is not auto-connectable.
2023.06.15 14:40:26 WARN  no build tool detected in workspace '/Users/adamspice/Developer/spicey.dev/portfolio'. The most common cause for this problem is that the editor was opened in the wrong working directory, for example if you use sbt then the workspace directory should contain build.sbt. 
Jun 15, 2023 2:47:16 PM org.eclipse.lsp4j.jsonrpc.services.GenericEndpoint notify
INFO: Unsupported notification method: $/setTrace
